<?xml version="1.0" encoding="UTF-8"?>
<coverage generated="1553695963">
  <project timestamp="1553695963">
    <file name="C:\Users\-\PhpstormProjects\2019_Diplomarbeit_Entsorgungskalenderanzeige_Webseite\www\entsorgungskalenderanzeige\CalendarDAO.php">
      <class name="CalendarDAO" namespace="global">
        <metrics complexity="16" methods="6" coveredmethods="0" conditionals="0" coveredconditionals="0" statements="36" coveredstatements="13" elements="42" coveredelements="13"/>
      </class>
      <line num="16" type="method" name="__construct" visibility="public" complexity="8" crap="10.92" count="1"/>
      <line num="22" type="stmt" count="1"/>
      <line num="23" type="stmt" count="1"/>
      <line num="24" type="stmt" count="1"/>
      <line num="25" type="stmt" count="1"/>
      <line num="26" type="stmt" count="1"/>
      <line num="29" type="stmt" count="1"/>
      <line num="30" type="stmt" count="1"/>
      <line num="31" type="stmt" count="1"/>
      <line num="32" type="stmt" count="1"/>
      <line num="33" type="stmt" count="0"/>
      <line num="34" type="stmt" count="0"/>
      <line num="38" type="stmt" count="0"/>
      <line num="39" type="stmt" count="0"/>
      <line num="40" type="stmt" count="0"/>
      <line num="48" type="method" name="executeQuery" visibility="private" complexity="2" crap="6.00" count="0"/>
      <line num="51" type="stmt" count="0"/>
      <line num="52" type="stmt" count="0"/>
      <line num="53" type="stmt" count="0"/>
      <line num="54" type="stmt" count="0"/>
      <line num="55" type="stmt" count="0"/>
      <line num="57" type="stmt" count="0"/>
      <line num="63" type="method" name="getHelloWorld" visibility="public" complexity="1" crap="2.00" count="0"/>
      <line num="65" type="stmt" count="0"/>
      <line num="73" type="method" name="getCalendarEntries" visibility="public" complexity="1" crap="2.00" count="0"/>
      <line num="75" type="stmt" count="0"/>
      <line num="95" type="method" name="getPlainTextStringForMicroprocessorFromDB" visibility="public" complexity="2" crap="6.00" count="0"/>
      <line num="98" type="stmt" count="0"/>
      <line num="109" type="stmt" count="0"/>
      <line num="110" type="stmt" count="0"/>
      <line num="111" type="stmt" count="0"/>
      <line num="112" type="stmt" count="0"/>
      <line num="113" type="stmt" count="0"/>
      <line num="115" type="stmt" count="0"/>
      <line num="123" type="method" name="getCheckIfCircleIdExists" visibility="public" complexity="2" crap="2.31" count="1"/>
      <line num="126" type="stmt" count="1"/>
      <line num="132" type="stmt" count="1"/>
      <line num="133" type="stmt" count="1"/>
      <line num="134" type="stmt" count="1"/>
      <line num="135" type="stmt" count="0"/>
      <line num="136" type="stmt" count="0"/>
      <line num="138" type="stmt" count="0"/>
      <metrics loc="139" ncloc="106" classes="1" methods="6" coveredmethods="0" conditionals="0" coveredconditionals="0" statements="36" coveredstatements="13" elements="42" coveredelements="13"/>
    </file>
    <file name="C:\Users\-\PhpstormProjects\2019_Diplomarbeit_Entsorgungskalenderanzeige_Webseite\www\entsorgungskalenderanzeige\CalendarRepository.php">
      <class name="CalendarRepository" namespace="global">
        <metrics complexity="5" methods="5" coveredmethods="0" conditionals="0" coveredconditionals="0" statements="15" coveredstatements="0" elements="20" coveredelements="0"/>
      </class>
      <line num="19" type="method" name="__construct" visibility="public" complexity="1" crap="2.00" count="0"/>
      <line num="20" type="stmt" count="0"/>
      <line num="21" type="stmt" count="0"/>
      <line num="22" type="stmt" count="0"/>
      <line num="27" type="method" name="getHelloWorld" visibility="public" complexity="1" crap="2.00" count="0"/>
      <line num="28" type="stmt" count="0"/>
      <line num="29" type="stmt" count="0"/>
      <line num="30" type="stmt" count="0"/>
      <line num="35" type="method" name="getCalendarEntries" visibility="public" complexity="1" crap="2.00" count="0"/>
      <line num="36" type="stmt" count="0"/>
      <line num="37" type="stmt" count="0"/>
      <line num="38" type="stmt" count="0"/>
      <line num="45" type="method" name="getPlainTextStringForMicroprocessorFromDB" visibility="public" complexity="1" crap="2.00" count="0"/>
      <line num="46" type="stmt" count="0"/>
      <line num="47" type="stmt" count="0"/>
      <line num="48" type="stmt" count="0"/>
      <line num="55" type="method" name="getCheckIfCircleIdExists" visibility="public" complexity="1" crap="2.00" count="0"/>
      <line num="56" type="stmt" count="0"/>
      <line num="57" type="stmt" count="0"/>
      <line num="58" type="stmt" count="0"/>
      <metrics loc="59" ncloc="35" classes="1" methods="5" coveredmethods="0" conditionals="0" coveredconditionals="0" statements="15" coveredstatements="0" elements="20" coveredelements="0"/>
    </file>
    <file name="C:\Users\-\PhpstormProjects\2019_Diplomarbeit_Entsorgungskalenderanzeige_Webseite\www\entsorgungskalenderanzeige\common.php">
      <line num="2" type="stmt" count="0"/>
      <line num="11" type="stmt" count="0"/>
      <line num="12" type="stmt" count="0"/>
      <line num="13" type="stmt" count="0"/>
      <line num="15" type="stmt" count="0"/>
      <line num="16" type="stmt" count="0"/>
      <line num="17" type="stmt" count="0"/>
      <line num="18" type="stmt" count="0"/>
      <line num="20" type="stmt" count="0"/>
      <line num="26" type="stmt" count="0"/>
      <line num="28" type="stmt" count="0"/>
      <metrics loc="27" ncloc="18" classes="0" methods="0" coveredmethods="0" conditionals="0" coveredconditionals="0" statements="10" coveredstatements="0" elements="10" coveredelements="0"/>
    </file>
    <file name="C:\Users\-\PhpstormProjects\2019_Diplomarbeit_Entsorgungskalenderanzeige_Webseite\www\entsorgungskalenderanzeige\connect.php">
      <line num="8" type="stmt" count="1"/>
      <metrics loc="12" ncloc="7" classes="0" methods="0" coveredmethods="0" conditionals="0" coveredconditionals="0" statements="1" coveredstatements="1" elements="1" coveredelements="1"/>
    </file>
    <file name="C:\Users\-\PhpstormProjects\2019_Diplomarbeit_Entsorgungskalenderanzeige_Webseite\www\entsorgungskalenderanzeige\connect_online.php">
      <line num="7" type="stmt" count="0"/>
      <line num="8" type="stmt" count="0"/>
      <line num="9" type="stmt" count="0"/>
      <line num="10" type="stmt" count="0"/>
      <line num="11" type="stmt" count="0"/>
      <line num="12" type="stmt" count="0"/>
      <metrics loc="12" ncloc="7" classes="0" methods="0" coveredmethods="0" conditionals="0" coveredconditionals="0" statements="6" coveredstatements="0" elements="6" coveredelements="0"/>
    </file>
    <file name="C:\Users\-\PhpstormProjects\2019_Diplomarbeit_Entsorgungskalenderanzeige_Webseite\www\entsorgungskalenderanzeige\index.php">
      <line num="2" type="stmt" count="0"/>
      <line num="4" type="stmt" count="0"/>
      <line num="5" type="stmt" count="0"/>
      <line num="7" type="stmt" count="0"/>
      <line num="9" type="stmt" count="0"/>
      <line num="11" type="stmt" count="0"/>
      <line num="12" type="stmt" count="0"/>
      <line num="14" type="stmt" count="0"/>
      <line num="15" type="stmt" count="0"/>
      <line num="17" type="stmt" count="0"/>
      <line num="18" type="stmt" count="0"/>
      <line num="19" type="stmt" count="0"/>
      <line num="22" type="stmt" count="0"/>
      <line num="23" type="stmt" count="0"/>
      <line num="24" type="stmt" count="0"/>
      <line num="25" type="stmt" count="0"/>
      <line num="26" type="stmt" count="0"/>
      <line num="27" type="stmt" count="0"/>
      <line num="28" type="stmt" count="0"/>
      <line num="30" type="stmt" count="0"/>
      <line num="31" type="stmt" count="0"/>
      <line num="32" type="stmt" count="0"/>
      <metrics loc="32" ncloc="26" classes="0" methods="0" coveredmethods="0" conditionals="0" coveredconditionals="0" statements="22" coveredstatements="0" elements="22" coveredelements="0"/>
    </file>
    <file name="C:\Users\-\PhpstormProjects\2019_Diplomarbeit_Entsorgungskalenderanzeige_Webseite\www\entsorgungskalenderanzeige\plain\MicroprocessorLogic.php">
      <class name="MicroprocessorLogic" namespace="global">
        <metrics complexity="5" methods="1" coveredmethods="0" conditionals="0" coveredconditionals="0" statements="15" coveredstatements="0" elements="16" coveredelements="0"/>
      </class>
      <line num="21" type="method" name="getPlainTextStringForMicroprocessor" visibility="public" complexity="5" crap="30.00" count="0"/>
      <line num="22" type="stmt" count="0"/>
      <line num="23" type="stmt" count="0"/>
      <line num="25" type="stmt" count="0"/>
      <line num="28" type="stmt" count="0"/>
      <line num="30" type="stmt" count="0"/>
      <line num="31" type="stmt" count="0"/>
      <line num="32" type="stmt" count="0"/>
      <line num="35" type="stmt" count="0"/>
      <line num="36" type="stmt" count="0"/>
      <line num="37" type="stmt" count="0"/>
      <line num="38" type="stmt" count="0"/>
      <line num="39" type="stmt" count="0"/>
      <line num="40" type="stmt" count="0"/>
      <line num="41" type="stmt" count="0"/>
      <line num="42" type="stmt" count="0"/>
      <metrics loc="42" ncloc="21" classes="1" methods="1" coveredmethods="0" conditionals="0" coveredconditionals="0" statements="15" coveredstatements="0" elements="16" coveredelements="0"/>
    </file>
    <file name="C:\Users\-\PhpstormProjects\2019_Diplomarbeit_Entsorgungskalenderanzeige_Webseite\www\entsorgungskalenderanzeige\plain\index.php">
      <line num="8" type="stmt" count="0"/>
      <line num="9" type="stmt" count="0"/>
      <line num="10" type="stmt" count="0"/>
      <line num="12" type="stmt" count="0"/>
      <line num="13" type="stmt" count="0"/>
      <line num="15" type="stmt" count="0"/>
      <line num="17" type="stmt" count="0"/>
      <line num="18" type="stmt" count="0"/>
      <line num="19" type="stmt" count="0"/>
      <line num="20" type="stmt" count="0"/>
      <line num="21" type="stmt" count="0"/>
      <line num="22" type="stmt" count="0"/>
      <line num="23" type="stmt" count="0"/>
      <metrics loc="23" ncloc="18" classes="0" methods="0" coveredmethods="0" conditionals="0" coveredconditionals="0" statements="13" coveredstatements="0" elements="13" coveredelements="0"/>
    </file>
    <file name="C:\Users\-\PhpstormProjects\2019_Diplomarbeit_Entsorgungskalenderanzeige_Webseite\www\entsorgungskalenderanzeige\plain\test\index.php">
      <line num="9" type="stmt" count="0"/>
      <line num="10" type="stmt" count="0"/>
      <line num="12" type="stmt" count="0"/>
      <line num="14" type="stmt" count="0"/>
      <line num="16" type="stmt" count="0"/>
      <line num="18" type="stmt" count="0"/>
      <line num="19" type="stmt" count="0"/>
      <line num="20" type="stmt" count="0"/>
      <line num="21" type="stmt" count="0"/>
      <line num="22" type="stmt" count="0"/>
      <line num="23" type="stmt" count="0"/>
      <line num="24" type="stmt" count="0"/>
      <line num="25" type="stmt" count="0"/>
      <line num="26" type="stmt" count="0"/>
      <line num="27" type="stmt" count="0"/>
      <line num="28" type="stmt" count="0"/>
      <metrics loc="28" ncloc="22" classes="0" methods="0" coveredmethods="0" conditionals="0" coveredconditionals="0" statements="16" coveredstatements="0" elements="16" coveredelements="0"/>
    </file>
    <file name="C:\Users\-\PhpstormProjects\2019_Diplomarbeit_Entsorgungskalenderanzeige_Webseite\www\entsorgungskalenderanzeige\test\index.php">
      <line num="2" type="stmt" count="0"/>
      <line num="3" type="stmt" count="0"/>
      <line num="5" type="stmt" count="0"/>
      <line num="6" type="stmt" count="0"/>
      <line num="8" type="stmt" count="0"/>
      <line num="9" type="stmt" count="0"/>
      <line num="11" type="stmt" count="0"/>
      <line num="13" type="stmt" count="0"/>
      <line num="14" type="stmt" count="0"/>
      <line num="15" type="stmt" count="0"/>
      <line num="16" type="stmt" count="0"/>
      <line num="17" type="stmt" count="0"/>
      <line num="18" type="stmt" count="0"/>
      <line num="19" type="stmt" count="0"/>
      <line num="20" type="stmt" count="0"/>
      <line num="22" type="stmt" count="0"/>
      <line num="24" type="stmt" count="0"/>
      <line num="25" type="stmt" count="0"/>
      <line num="26" type="stmt" count="0"/>
      <line num="27" type="stmt" count="0"/>
      <line num="28" type="stmt" count="0"/>
      <line num="29" type="stmt" count="0"/>
      <line num="30" type="stmt" count="0"/>
      <line num="32" type="stmt" count="0"/>
      <line num="33" type="stmt" count="0"/>
      <line num="35" type="stmt" count="0"/>
      <line num="36" type="stmt" count="0"/>
      <line num="37" type="stmt" count="0"/>
      <line num="39" type="stmt" count="0"/>
      <line num="40" type="stmt" count="0"/>
      <line num="41" type="stmt" count="0"/>
      <line num="42" type="stmt" count="0"/>
      <line num="43" type="stmt" count="0"/>
      <line num="44" type="stmt" count="0"/>
      <line num="46" type="stmt" count="0"/>
      <line num="47" type="stmt" count="0"/>
      <line num="48" type="stmt" count="0"/>
      <line num="49" type="stmt" count="0"/>
      <line num="50" type="stmt" count="0"/>
      <line num="51" type="stmt" count="0"/>
      <line num="52" type="stmt" count="0"/>
      <line num="53" type="stmt" count="0"/>
      <line num="54" type="stmt" count="0"/>
      <line num="55" type="stmt" count="0"/>
      <line num="57" type="stmt" count="0"/>
      <line num="59" type="stmt" count="0"/>
      <metrics loc="58" ncloc="58" classes="0" methods="0" coveredmethods="0" conditionals="0" coveredconditionals="0" statements="45" coveredstatements="0" elements="45" coveredelements="0"/>
    </file>
    <metrics files="10" loc="432" ncloc="318" classes="3" methods="12" coveredmethods="0" conditionals="0" coveredconditionals="0" statements="179" coveredstatements="14" elements="191" coveredelements="14"/>
  </project>
</coverage>
